
2024/06/11 (08:04:26) | ===> btop++ v.1.3.2
2024/06/11 (08:04:26) | WARNING: NVML: Failed to get maximum GPU power draw, defaulting to 225W: Not Supported

2024/06/14 (09:12:46) | ===> btop++ v.1.3.2
2024/06/14 (09:12:46) | WARNING: NVML: Failed to get maximum GPU power draw, defaulting to 225W: Not Supported

2024/06/15 (00:25:56) | ===> btop++ v.1.3.2
2024/06/15 (00:25:56) | WARNING: NVML: Failed to get maximum GPU power draw, defaulting to 225W: Not Supported

2024/06/15 (00:29:18) | ===> btop++ v.1.3.2
2024/06/15 (00:29:18) | WARNING: NVML: Failed to get maximum GPU power draw, defaulting to 225W: Not Supported

2024/06/16 (09:55:33) | ===> btop++ v.1.3.2
2024/06/16 (09:55:33) | WARNING: NVML: Failed to get maximum GPU power draw, defaulting to 225W: Not Supported
2024/06/17 (11:50:18) | WARNING: Failed to get disk/partition stats for mount "/mnt/NAS" with statvfs error code: 112. Ignoring...

2024/06/18 (00:10:55) | ===> btop++ v.1.3.2
2024/06/18 (00:10:55) | WARNING: NVML: Failed to get maximum GPU power draw, defaulting to 225W: Not Supported
2024/06/18 (09:48:57) | WARNING: Failed to get disk/partition stats for mount "/mnt/NAS" with statvfs error code: 112. Ignoring...

2024/06/18 (21:11:24) | ===> btop++ v.1.3.2
2024/06/18 (21:11:24) | WARNING: NVML: Failed to get maximum GPU power draw, defaulting to 225W: Not Supported

2024/06/19 (11:01:30) | ===> btop++ v.1.3.2
2024/06/19 (11:01:30) | WARNING: NVML: Failed to get maximum GPU power draw, defaulting to 225W: Not Supported

2024/06/20 (09:43:45) | ===> btop++ v.1.3.2
2024/06/20 (09:43:45) | WARNING: NVML: Failed to get maximum GPU power draw, defaulting to 225W: Not Supported

2024/06/20 (13:08:33) | ===> btop++ v.1.3.2
2024/06/20 (13:08:33) | WARNING: NVML: Failed to get maximum GPU power draw, defaulting to 225W: Not Supported
2024/06/21 (19:54:40) | ERROR: Stall in Runner thread, restarting!

2024/06/23 (00:08:06) | ===> btop++ v.1.3.2
2024/06/23 (00:08:06) | WARNING: NVML: Failed to get maximum GPU power draw, defaulting to 225W: Not Supported

2024/06/23 (12:40:26) | ===> btop++ v.1.3.2
2024/06/23 (12:40:26) | WARNING: NVML: Failed to get maximum GPU power draw, defaulting to 225W: Not Supported

2024/06/23 (12:49:23) | ===> btop++ v.1.3.2
2024/06/23 (12:49:23) | WARNING: NVML: Failed to get maximum GPU power draw, defaulting to 225W: Not Supported

2024/06/23 (12:54:03) | ===> btop++ v.1.3.2
2024/06/23 (12:54:03) | WARNING: NVML: Failed to get maximum GPU power draw, defaulting to 225W: Not Supported

2024/06/23 (16:17:38) | ===> btop++ v.1.3.2
2024/06/23 (16:17:38) | WARNING: NVML: Failed to get maximum GPU power draw, defaulting to 225W: Not Supported

2024/06/23 (16:19:57) | ===> btop++ v.1.3.2
2024/06/23 (16:19:57) | WARNING: NVML: Failed to get maximum GPU power draw, defaulting to 225W: Not Supported

2024/06/23 (16:25:14) | ===> btop++ v.1.3.2
2024/06/23 (16:25:14) | WARNING: NVML: Failed to get maximum GPU power draw, defaulting to 225W: Not Supported
2024/06/23 (16:30:35) | ERROR: Stall in Runner thread, restarting!
2024/06/23 (16:30:41) | ERROR: Stall in Runner thread, restarting!

2024/06/23 (16:31:21) | ===> btop++ v.1.3.2
2024/06/23 (16:31:21) | WARNING: NVML: Failed to get maximum GPU power draw, defaulting to 225W: Not Supported
2024/06/23 (16:31:50) | ERROR: Stall in Runner thread, restarting!

2024/06/23 (16:37:04) | ===> btop++ v.1.3.2
2024/06/23 (16:37:04) | WARNING: NVML: Failed to get maximum GPU power draw, defaulting to 225W: Not Supported

2024/06/23 (16:38:31) | ===> btop++ v.1.3.2
2024/06/23 (16:38:31) | WARNING: NVML: Failed to get maximum GPU power draw, defaulting to 225W: Not Supported

2024/06/23 (22:00:35) | ===> btop++ v.1.3.2
2024/06/23 (22:00:35) | WARNING: NVML: Failed to get maximum GPU power draw, defaulting to 225W: Not Supported

2024/06/23 (22:03:47) | ===> btop++ v.1.3.2
2024/06/23 (22:03:47) | WARNING: NVML: Failed to get maximum GPU power draw, defaulting to 225W: Not Supported

2024/06/23 (22:16:55) | ===> btop++ v.1.3.2
2024/06/23 (22:16:55) | WARNING: NVML: Failed to get maximum GPU power draw, defaulting to 225W: Not Supported

2024/06/24 (00:05:59) | ===> btop++ v.1.3.2
2024/06/24 (00:05:59) | WARNING: NVML: Failed to get maximum GPU power draw, defaulting to 225W: Not Supported

2024/06/24 (14:51:18) | ===> btop++ v.1.3.2
2024/06/24 (14:51:18) | WARNING: NVML: Failed to get maximum GPU power draw, defaulting to 225W: Not Supported
2024/06/27 (07:52:04) | ERROR: Stall in Runner thread, restarting!

2024/06/27 (21:27:32) | ===> btop++ v.1.3.2
2024/06/27 (21:27:32) | WARNING: NVML: Failed to get maximum GPU power draw, defaulting to 225W: Not Supported

2024/07/06 (15:23:54) | ===> btop++ v.1.3.2
2024/07/06 (15:23:54) | WARNING: NVML: Failed to get maximum GPU power draw, defaulting to 225W: Not Supported
2024/07/06 (15:24:04) | WARNING: Failed to get disk/partition stats for mount "/mnt/NAS" with statvfs error code: 112. Ignoring...

2024/07/07 (15:56:38) | ===> btop++ v.1.3.2
2024/07/07 (15:56:38) | WARNING: NVML: Failed to get maximum GPU power draw, defaulting to 225W: Not Supported

2024/07/09 (21:20:58) | ===> btop++ v.1.3.2
2024/07/09 (21:20:58) | WARNING: NVML: Failed to get maximum GPU power draw, defaulting to 225W: Not Supported

2024/07/10 (14:27:24) | ===> btop++ v.1.3.2
2024/07/10 (14:27:24) | WARNING: NVML: Failed to get maximum GPU power draw, defaulting to 225W: Not Supported
2024/07/10 (14:59:16) | ERROR: Stall in Runner thread, restarting!
2024/07/10 (17:14:15) | ERROR: Stall in Runner thread, restarting!

2024/07/11 (23:48:55) | ===> btop++ v.1.3.2
2024/07/11 (23:48:55) | WARNING: NVML: Failed to get maximum GPU power draw, defaulting to 225W: Not Supported

2024/07/11 (23:54:04) | ===> btop++ v.1.3.2
2024/07/11 (23:54:04) | WARNING: NVML: Failed to get maximum GPU power draw, defaulting to 225W: Not Supported

2024/07/13 (14:08:36) | ===> btop++ v.1.3.2
2024/07/13 (14:08:36) | WARNING: NVML: Failed to get maximum GPU power draw, defaulting to 225W: Not Supported
2024/07/13 (14:39:30) | ERROR: Stall in Runner thread, restarting!
2024/07/13 (16:05:53) | ERROR: Stall in Runner thread, restarting!

2024/07/13 (18:51:55) | ===> btop++ v.1.3.2
2024/07/13 (18:51:55) | WARNING: NVML: Failed to get maximum GPU power draw, defaulting to 225W: Not Supported

2024/07/13 (23:03:23) | ===> btop++ v.1.3.2
2024/07/13 (23:03:23) | WARNING: NVML: Failed to get maximum GPU power draw, defaulting to 225W: Not Supported
2024/07/14 (12:17:35) | ERROR: Stall in Runner thread, restarting!

2024/07/14 (12:18:00) | ===> btop++ v.1.3.2
2024/07/14 (12:18:00) | WARNING: NVML: Failed to get maximum GPU power draw, defaulting to 225W: Not Supported

2024/07/18 (11:18:33) | ===> btop++ v.1.3.2
2024/07/18 (11:18:33) | WARNING: NVML: Failed to get maximum GPU power draw, defaulting to 225W: Not Supported
2024/07/18 (11:56:53) | ERROR: Stall in Runner thread, restarting!

2024/07/18 (15:27:49) | ===> btop++ v.1.3.2
2024/07/18 (15:27:49) | WARNING: NVML: Failed to get maximum GPU power draw, defaulting to 225W: Not Supported

2024/07/18 (22:41:51) | ===> btop++ v.1.3.2
2024/07/18 (22:41:51) | WARNING: NVML: Failed to get maximum GPU power draw, defaulting to 225W: Not Supported
2024/07/24 (14:52:28) | WARNING: Failed to get disk/partition stats for mount "/mnt/NAS" with statvfs error code: 112. Ignoring...

2024/07/28 (01:16:42) | ===> btop++ v.1.3.2
2024/07/28 (01:16:42) | WARNING: NVML: Failed to get maximum GPU power draw, defaulting to 225W: Not Supported
2024/08/03 (07:51:08) | WARNING: Failed to get disk/partition stats for mount "/mnt/NAS" with statvfs error code: 112. Ignoring...

2024/08/05 (21:34:28) | ===> btop++ v.1.3.2
2024/08/05 (21:34:28) | WARNING: NVML: Failed to get maximum GPU power draw, defaulting to 225W: Not Supported

2024/08/29 (00:08:17) | ===> btop++ v.1.3.2
2024/08/29 (00:08:17) | WARNING: NVML: Failed to get maximum GPU power draw, defaulting to 225W: Not Supported

2024/08/30 (15:34:01) | ===> btop++ v.1.3.2
2024/08/30 (15:34:01) | WARNING: NVML: Failed to get maximum GPU power draw, defaulting to 225W: Not Supported

2024/09/12 (07:58:05) | ===> btop++ v.1.3.2
2024/09/12 (07:58:05) | WARNING: NVML: Failed to get maximum GPU power draw, defaulting to 225W: Not Supported

2024/09/13 (12:34:07) | ===> btop++ v.1.3.2
2024/09/13 (12:34:07) | WARNING: NVML: Failed to get maximum GPU power draw, defaulting to 225W: Not Supported
2024/09/13 (12:34:18) | WARNING: Failed to get disk/partition stats for mount "/mnt/kozel-tajne" with statvfs error code: 112. Ignoring...
2024/09/13 (12:34:18) | WARNING: Failed to get disk/partition stats for mount "/mnt/NAS" with statvfs error code: 112. Ignoring...

2024/09/13 (12:34:39) | ===> btop++ v.1.3.2
2024/09/13 (12:34:39) | WARNING: NVML: Failed to get maximum GPU power draw, defaulting to 225W: Not Supported
2024/09/13 (12:34:50) | WARNING: Failed to get disk/partition stats for mount "/mnt/kozel-tajne" with statvfs error code: 112. Ignoring...
2024/09/13 (12:34:50) | WARNING: Failed to get disk/partition stats for mount "/mnt/NAS" with statvfs error code: 112. Ignoring...

2024/10/08 (21:38:12) | ===> btop++ v.1.4.0
2024/10/08 (21:38:12) | WARNING: NVML: Failed to get maximum GPU power draw, defaulting to 225W: Not Supported
2024/10/08 (21:38:12) | WARNING: Intel GPU: Failed to initialize PMU

2025/02/08 (15:31:59) | ===> btop++ v.1.4.0
2025/02/08 (15:31:59) | WARNING: NVML: Failed to get maximum GPU power draw, defaulting to 225W: Not Supported
2025/02/08 (15:31:59) | WARNING: Intel GPU: Failed to initialize PMU
2025/02/08 (16:12:30) | WARNING: Failed to get disk/partition stats for mount "/mnt/kozel-tajne" with statvfs error code: 9. Ignoring...

2025/02/17 (11:48:00) | ===> btop++ v.1.4.0
2025/02/17 (11:48:00) | WARNING: NVML: Failed to get maximum GPU power draw, defaulting to 225W: Not Supported
2025/02/17 (11:48:00) | WARNING: Intel GPU: Failed to initialize PMU
2025/02/17 (11:48:12) | WARNING: Failed to get disk/partition stats for mount "/mnt/NAS" with statvfs error code: 19. Ignoring...
2025/02/17 (11:48:17) | WARNING: Failed to get disk/partition stats for mount "/mnt/kozel-tajne" with statvfs error code: 19. Ignoring...
